0 silly input [ 'publish' ]
1 silly flags { _: [ 'publish' ], 'reject-cycles': false, rejectCycles: false }
2 verbose rootPath /Users/rochopra/Documents/lernaTest
3 info version 2.11.0
4 silly isInitialized
5 silly isInitialized true
6 silly existsSync /Users/rochopra/Documents/lernaTest/VERSION
7 info versioning independent
8 silly initialize attempt
9 silly isDetachedHead
10 silly getCurrentBranch
11 verbose getCurrentBranch master
12 verbose isDetachedHead false
13 silly getCurrentBranch
14 verbose getCurrentBranch master
15 silly getUpdates
16 info Checking for updated packages...
17 silly hasTags
18 verbose hasTags true
19 silly getLastTag
20 verbose getLastTag lerna-apple@0.0.1-4
21 info Comparing with lerna-apple@0.0.1-4.
22 silly diffSinceIn lerna-apple@0.0.1-4 packages/apple
23 silly diff packages/apple/index.js
24 silly diffSinceIn lerna-apple@0.0.1-4 packages/orange
25 silly diff packages/orange/index.js
26 verbose updated lerna-apple
27 verbose updated lerna-orange
28 info Checking for prereleased packages...
29 verbose prereleased lerna-apple
30 verbose prereleased lerna-orange
31 silly collectDependents
32 silly isPackageDependentOf lerna-apple lerna-apple
33 silly isPackageDependentOf lerna-apple lerna-orange
34 silly isPackageDependentOf lerna-orange lerna-apple
35 silly isPackageDependentOf lerna-orange lerna-orange
36 silly collectUpdates
37 verbose has filtered update lerna-apple
38 verbose has filtered update lerna-orange
39 silly initialize success
40 silly execute attempt
41 silly runScriptSync preversion lernaTest
42 silly runScriptSync preversion lerna-apple
43 silly runScriptSync version lerna-apple
44 silly runScriptSync preversion lerna-orange
45 silly runScriptSync version lerna-orange
46 silly runScriptSync version lernaTest
47 silly addFile /Users/rochopra/Documents/lernaTest/packages/apple/package.json
48 silly addFile /Users/rochopra/Documents/lernaTest/packages/orange/package.json
49 silly commit Publish
49 silly commit
49 silly commit  - lerna-apple@0.0.1-5
49 silly commit  - lerna-orange@0.0.1-3
50 verbose commit [ 'commit',
50 verbose commit   '--no-verify',
50 verbose commit   '-F',
50 verbose commit   '/private/var/folders/dd/2pjgq6292kxd3c0sn1srm4yr39c8p2/T/0add7b66-7cc7-43c9-97cd-4b59013785dd/lerna-commit.txt' ]
51 silly addTag lerna-apple@0.0.1-5
52 silly addTag lerna-orange@0.0.1-3
53 error execute caught error
54 error Error: fatal: tag 'lerna-orange@0.0.1-3' already exists
54 error
54 error     at Function.module.exports.sync (/Users/rochopra/.nvm/versions/node/v8.11.1/lib/node_modules/lerna/node_modules/execa/index.js:303:26)
54 error     at Function.execSync (/Users/rochopra/.nvm/versions/node/v8.11.1/lib/node_modules/lerna/lib/ChildProcessUtilities.js:59:30)
54 error     at Function.addTag (/Users/rochopra/.nvm/versions/node/v8.11.1/lib/node_modules/lerna/lib/GitUtilities.js:100:39)
54 error     at /Users/rochopra/.nvm/versions/node/v8.11.1/lib/node_modules/lerna/lib/commands/PublishCommand.js:767:39
54 error     at Array.forEach (<anonymous>)
54 error     at PublishCommand.gitCommitAndTagVersionForUpdates (/Users/rochopra/.nvm/versions/node/v8.11.1/lib/node_modules/lerna/lib/commands/PublishCommand.js:766:12)
54 error     at PublishCommand.commitAndTagUpdates (/Users/rochopra/.nvm/versions/node/v8.11.1/lib/node_modules/lerna/lib/commands/PublishCommand.js:738:26)
54 error     at PublishCommand.execute (/Users/rochopra/.nvm/versions/node/v8.11.1/lib/node_modules/lerna/lib/commands/PublishCommand.js:329:14)
